<?xml version="1.0" encoding="UTF-8"?>
<!-- Generated by org.testng.reporters.JUnitReportReporter -->
<testsuite hostname="knoldus-Vostro-3559" failures="0" tests="1" name="com.knoldus.restassured.weatherInfoTest" time="8.820" errors="0" timestamp="21 Sep 2018 12:43:44 GMT" skipped="0">
  <testcase classname="com.knoldus.restassured.weatherInfoTest" name="toverifysuccesscase" time="8.820"/>
</testsuite> <!-- com.knoldus.restassured.weatherInfoTest -->
